<?xml version="1.0" encoding="UTF-8"?>
<testsuite xmlns:xsi="http://www.w3.org/2001/XMLSchema-instance" xsi:noNamespaceSchemaLocation="https://maven.apache.org/surefire/maven-surefire-plugin/xsd/surefire-test-report.xsd" name="TestSuite" time="62.05" tests="1" errors="0" skipped="0" failures="0">
  <properties>
    <property name="java.specification.version" value="17"/>
    <property name="sun.cpu.isalist" value="amd64"/>
    <property name="sun.jnu.encoding" value="Cp1252"/>
    <property name="java.class.path" value="C:\ProgramData\Jenkins\.jenkins\workspace\DemoProject\target\test-classes;C:\ProgramData\Jenkins\.jenkins\workspace\DemoProject\target\classes;C:\Users\AnindyarajMahalanabi\.m2\repository\io\cucumber\cucumber-java\4.1.0\cucumber-java-4.1.0.jar;C:\Users\AnindyarajMahalanabi\.m2\repository\io\cucumber\cucumber-testng\4.1.0\cucumber-testng-4.1.0.jar;C:\Users\AnindyarajMahalanabi\.m2\repository\com\google\code\gson\gson\2.10.1\gson-2.10.1.jar;C:\Users\AnindyarajMahalanabi\.m2\repository\org\slf4j\slf4j-api\2.0.9\slf4j-api-2.0.9.jar;C:\Users\AnindyarajMahalanabi\.m2\repository\io\cucumber\cucumber-junit\4.1.0\cucumber-junit-4.1.0.jar;C:\Users\AnindyarajMahalanabi\.m2\repository\junit\junit\4.12\junit-4.12.jar;C:\Users\AnindyarajMahalanabi\.m2\repository\io\cucumber\cucumber-core\4.1.0\cucumber-core-4.1.0.jar;C:\Users\AnindyarajMahalanabi\.m2\repository\io\cucumber\gherkin\5.1.0\gherkin-5.1.0.jar;C:\Users\AnindyarajMahalanabi\.m2\repository\io\cucumber\tag-expressions\1.1.1\tag-expressions-1.1.1.jar;C:\Users\AnindyarajMahalanabi\.m2\repository\io\cucumber\cucumber-expressions\6.1.1\cucumber-expressions-6.1.1.jar;C:\Users\AnindyarajMahalanabi\.m2\repository\io\cucumber\cucumber-picocontainer\4.1.0\cucumber-picocontainer-4.1.0.jar;C:\Users\AnindyarajMahalanabi\.m2\repository\org\picocontainer\picocontainer\2.15\picocontainer-2.15.jar;C:\Users\AnindyarajMahalanabi\.m2\repository\io\cucumber\cucumber-jvm-deps\1.0.6\cucumber-jvm-deps-1.0.6.jar;C:\Users\AnindyarajMahalanabi\.m2\repository\io\cucumber\cucumber-html\0.2.7\cucumber-html-0.2.7.jar;C:\Users\AnindyarajMahalanabi\.m2\repository\org\postgresql\postgresql\42.2.16\postgresql-42.2.16.jar;C:\Users\AnindyarajMahalanabi\.m2\repository\org\checkerframework\checker-qual\3.5.0\checker-qual-3.5.0.jar;C:\Users\AnindyarajMahalanabi\.m2\repository\log4j\log4j\1.2.17\log4j-1.2.17.jar;C:\Users\AnindyarajMahalanabi\.m2\repository\org\seleniumhq\selenium\selenium-java\3.141.59\selenium-java-3.141.59.jar;C:\Users\AnindyarajMahalanabi\.m2\repository\org\seleniumhq\selenium\selenium-api\3.141.59\selenium-api-3.141.59.jar;C:\Users\AnindyarajMahalanabi\.m2\repository\org\seleniumhq\selenium\selenium-chrome-driver\3.141.59\selenium-chrome-driver-3.141.59.jar;C:\Users\AnindyarajMahalanabi\.m2\repository\org\seleniumhq\selenium\selenium-edge-driver\3.141.59\selenium-edge-driver-3.141.59.jar;C:\Users\AnindyarajMahalanabi\.m2\repository\org\seleniumhq\selenium\selenium-firefox-driver\3.141.59\selenium-firefox-driver-3.141.59.jar;C:\Users\AnindyarajMahalanabi\.m2\repository\org\seleniumhq\selenium\selenium-ie-driver\3.141.59\selenium-ie-driver-3.141.59.jar;C:\Users\AnindyarajMahalanabi\.m2\repository\org\seleniumhq\selenium\selenium-opera-driver\3.141.59\selenium-opera-driver-3.141.59.jar;C:\Users\AnindyarajMahalanabi\.m2\repository\org\seleniumhq\selenium\selenium-remote-driver\3.141.59\selenium-remote-driver-3.141.59.jar;C:\Users\AnindyarajMahalanabi\.m2\repository\org\seleniumhq\selenium\selenium-safari-driver\3.141.59\selenium-safari-driver-3.141.59.jar;C:\Users\AnindyarajMahalanabi\.m2\repository\org\seleniumhq\selenium\selenium-support\3.141.59\selenium-support-3.141.59.jar;C:\Users\AnindyarajMahalanabi\.m2\repository\net\bytebuddy\byte-buddy\1.8.15\byte-buddy-1.8.15.jar;C:\Users\AnindyarajMahalanabi\.m2\repository\org\apache\commons\commons-exec\1.3\commons-exec-1.3.jar;C:\Users\AnindyarajMahalanabi\.m2\repository\com\google\guava\guava\25.0-jre\guava-25.0-jre.jar;C:\Users\AnindyarajMahalanabi\.m2\repository\com\google\code\findbugs\jsr305\1.3.9\jsr305-1.3.9.jar;C:\Users\AnindyarajMahalanabi\.m2\repository\org\checkerframework\checker-compat-qual\2.0.0\checker-compat-qual-2.0.0.jar;C:\Users\AnindyarajMahalanabi\.m2\repository\com\google\errorprone\error_prone_annotations\2.1.3\error_prone_annotations-2.1.3.jar;C:\Users\AnindyarajMahalanabi\.m2\repository\com\google\j2objc\j2objc-annotations\1.1\j2objc-annotations-1.1.jar;C:\Users\AnindyarajMahalanabi\.m2\repository\org\codehaus\mojo\animal-sniffer-annotations\1.14\animal-sniffer-annotations-1.14.jar;C:\Users\AnindyarajMahalanabi\.m2\repository\com\squareup\okhttp3\okhttp\3.11.0\okhttp-3.11.0.jar;C:\Users\AnindyarajMahalanabi\.m2\repository\com\squareup\okio\okio\1.14.0\okio-1.14.0.jar;C:\Users\AnindyarajMahalanabi\.m2\repository\org\seleniumhq\selenium\selenium-htmlunit-driver\2.52.0\selenium-htmlunit-driver-2.52.0.jar;C:\Users\AnindyarajMahalanabi\.m2\repository\net\sourceforge\htmlunit\htmlunit\2.18\htmlunit-2.18.jar;C:\Users\AnindyarajMahalanabi\.m2\repository\xalan\xalan\2.7.2\xalan-2.7.2.jar;C:\Users\AnindyarajMahalanabi\.m2\repository\xalan\serializer\2.7.2\serializer-2.7.2.jar;C:\Users\AnindyarajMahalanabi\.m2\repository\net\sourceforge\htmlunit\htmlunit-core-js\2.17\htmlunit-core-js-2.17.jar;C:\Users\AnindyarajMahalanabi\.m2\repository\xerces\xercesImpl\2.11.0\xercesImpl-2.11.0.jar;C:\Users\AnindyarajMahalanabi\.m2\repository\xml-apis\xml-apis\1.4.01\xml-apis-1.4.01.jar;C:\Users\AnindyarajMahalanabi\.m2\repository\net\sourceforge\nekohtml\nekohtml\1.9.22\nekohtml-1.9.22.jar;C:\Users\AnindyarajMahalanabi\.m2\repository\net\sourceforge\cssparser\cssparser\0.9.16\cssparser-0.9.16.jar;C:\Users\AnindyarajMahalanabi\.m2\repository\org\w3c\css\sac\1.3\sac-1.3.jar;C:\Users\AnindyarajMahalanabi\.m2\repository\commons-logging\commons-logging\1.2\commons-logging-1.2.jar;C:\Users\AnindyarajMahalanabi\.m2\repository\org\eclipse\jetty\websocket\websocket-client\9.2.12.v20150709\websocket-client-9.2.12.v20150709.jar;C:\Users\AnindyarajMahalanabi\.m2\repository\org\eclipse\jetty\jetty-util\9.2.12.v20150709\jetty-util-9.2.12.v20150709.jar;C:\Users\AnindyarajMahalanabi\.m2\repository\org\eclipse\jetty\jetty-io\9.2.12.v20150709\jetty-io-9.2.12.v20150709.jar;C:\Users\AnindyarajMahalanabi\.m2\repository\org\eclipse\jetty\websocket\websocket-common\9.2.12.v20150709\websocket-common-9.2.12.v20150709.jar;C:\Users\AnindyarajMahalanabi\.m2\repository\org\eclipse\jetty\websocket\websocket-api\9.2.12.v20150709\websocket-api-9.2.12.v20150709.jar;C:\Users\AnindyarajMahalanabi\.m2\repository\commons-collections\commons-collections\3.2.2\commons-collections-3.2.2.jar;C:\Users\AnindyarajMahalanabi\.m2\repository\org\apache\httpcomponents\httpclient\4.5.1\httpclient-4.5.1.jar;C:\Users\AnindyarajMahalanabi\.m2\repository\org\apache\httpcomponents\httpcore\4.4.3\httpcore-4.4.3.jar;C:\Users\AnindyarajMahalanabi\.m2\repository\org\testng\testng\6.9.10\testng-6.9.10.jar;C:\Users\AnindyarajMahalanabi\.m2\repository\com\beust\jcommander\1.48\jcommander-1.48.jar;C:\Users\AnindyarajMahalanabi\.m2\repository\org\beanshell\bsh\2.0b4\bsh-2.0b4.jar;C:\Users\AnindyarajMahalanabi\.m2\repository\net\masterthought\cucumber-reporting\4.1.0\cucumber-reporting-4.1.0.jar;C:\Users\AnindyarajMahalanabi\.m2\repository\org\apache\velocity\velocity\1.7\velocity-1.7.jar;C:\Users\AnindyarajMahalanabi\.m2\repository\commons-lang\commons-lang\2.4\commons-lang-2.4.jar;C:\Users\AnindyarajMahalanabi\.m2\repository\velocity-tools\velocity-tools\1.4\velocity-tools-1.4.jar;C:\Users\AnindyarajMahalanabi\.m2\repository\joda-time\joda-time\2.10\joda-time-2.10.jar;C:\Users\AnindyarajMahalanabi\.m2\repository\org\apache\commons\commons-lang3\3.7\commons-lang3-3.7.jar;C:\Users\AnindyarajMahalanabi\.m2\repository\net\lingala\zip4j\zip4j\1.3.2\zip4j-1.3.2.jar;C:\Users\AnindyarajMahalanabi\.m2\repository\org\codehaus\plexus\plexus-utils\3.1.0\plexus-utils-3.1.0.jar;C:\Users\AnindyarajMahalanabi\.m2\repository\org\jsoup\jsoup\1.11.3\jsoup-1.11.3.jar;C:\Users\AnindyarajMahalanabi\.m2\repository\com\googlecode\owasp-java-html-sanitizer\owasp-java-html-sanitizer\20180219.1\owasp-java-html-sanitizer-20180219.1.jar;C:\Users\AnindyarajMahalanabi\.m2\repository\commons-configuration\commons-configuration\1.10\commons-configuration-1.10.jar;C:\Users\AnindyarajMahalanabi\.m2\repository\org\apache\poi\poi\4.1.1\poi-4.1.1.jar;C:\Users\AnindyarajMahalanabi\.m2\repository\commons-codec\commons-codec\1.13\commons-codec-1.13.jar;C:\Users\AnindyarajMahalanabi\.m2\repository\org\apache\commons\commons-collections4\4.4\commons-collections4-4.4.jar;C:\Users\AnindyarajMahalanabi\.m2\repository\org\apache\commons\commons-math3\3.6.1\commons-math3-3.6.1.jar;C:\Users\AnindyarajMahalanabi\.m2\repository\javax\mail\javax.mail-api\1.5.5\javax.mail-api-1.5.5.jar;C:\Users\AnindyarajMahalanabi\.m2\repository\com\sun\mail\smtp\1.6.0\smtp-1.6.0.jar;C:\Users\AnindyarajMahalanabi\.m2\repository\com\sun\mail\javax.mail\1.6.0\javax.mail-1.6.0.jar;C:\Users\AnindyarajMahalanabi\.m2\repository\javax\activation\activation\1.1\activation-1.1.jar;C:\Users\AnindyarajMahalanabi\.m2\repository\org\apache\poi\poi-ooxml\4.1.1\poi-ooxml-4.1.1.jar;C:\Users\AnindyarajMahalanabi\.m2\repository\org\apache\poi\poi-ooxml-schemas\4.1.1\poi-ooxml-schemas-4.1.1.jar;C:\Users\AnindyarajMahalanabi\.m2\repository\org\apache\xmlbeans\xmlbeans\3.1.0\xmlbeans-3.1.0.jar;C:\Users\AnindyarajMahalanabi\.m2\repository\org\apache\commons\commons-compress\1.19\commons-compress-1.19.jar;C:\Users\AnindyarajMahalanabi\.m2\repository\com\github\virtuald\curvesapi\1.06\curvesapi-1.06.jar;C:\Users\AnindyarajMahalanabi\.m2\repository\io\rest-assured\rest-assured\4.3.1\rest-assured-4.3.1.jar;C:\Users\AnindyarajMahalanabi\.m2\repository\org\codehaus\groovy\groovy\3.0.3\groovy-3.0.3.jar;C:\Users\AnindyarajMahalanabi\.m2\repository\org\codehaus\groovy\groovy-xml\3.0.3\groovy-xml-3.0.3.jar;C:\Users\AnindyarajMahalanabi\.m2\repository\org\apache\httpcomponents\httpmime\4.5.3\httpmime-4.5.3.jar;C:\Users\AnindyarajMahalanabi\.m2\repository\org\ccil\cowan\tagsoup\tagsoup\1.2.1\tagsoup-1.2.1.jar;C:\Users\AnindyarajMahalanabi\.m2\repository\io\rest-assured\json-path\4.3.1\json-path-4.3.1.jar;C:\Users\AnindyarajMahalanabi\.m2\repository\org\codehaus\groovy\groovy-json\3.0.3\groovy-json-3.0.3.jar;C:\Users\AnindyarajMahalanabi\.m2\repository\io\rest-assured\rest-assured-common\4.3.1\rest-assured-common-4.3.1.jar;C:\Users\AnindyarajMahalanabi\.m2\repository\io\rest-assured\xml-path\4.3.1\xml-path-4.3.1.jar;C:\Users\AnindyarajMahalanabi\.m2\repository\jakarta\xml\bind\jakarta.xml.bind-api\2.3.3\jakarta.xml.bind-api-2.3.3.jar;C:\Users\AnindyarajMahalanabi\.m2\repository\jakarta\activation\jakarta.activation-api\1.2.2\jakarta.activation-api-1.2.2.jar;C:\Users\AnindyarajMahalanabi\.m2\repository\com\sun\xml\bind\jaxb-impl\2.3.3\jaxb-impl-2.3.3.jar;C:\Users\AnindyarajMahalanabi\.m2\repository\io\rest-assured\json-schema-validator\4.3.1\json-schema-validator-4.3.1.jar;C:\Users\AnindyarajMahalanabi\.m2\repository\com\github\java-json-tools\json-schema-validator\2.2.10\json-schema-validator-2.2.10.jar;C:\Users\AnindyarajMahalanabi\.m2\repository\com\github\java-json-tools\json-schema-core\1.2.10\json-schema-core-1.2.10.jar;C:\Users\AnindyarajMahalanabi\.m2\repository\com\github\java-json-tools\jackson-coreutils\1.9\jackson-coreutils-1.9.jar;C:\Users\AnindyarajMahalanabi\.m2\repository\com\github\fge\msg-simple\1.1\msg-simple-1.1.jar;C:\Users\AnindyarajMahalanabi\.m2\repository\com\github\fge\btf\1.2\btf-1.2.jar;C:\Users\AnindyarajMahalanabi\.m2\repository\com\github\fge\uri-template\0.9\uri-template-0.9.jar;C:\Users\AnindyarajMahalanabi\.m2\repository\org\mozilla\rhino\1.7.7.1\rhino-1.7.7.1.jar;C:\Users\AnindyarajMahalanabi\.m2\repository\javax\mail\mailapi\1.4.3\mailapi-1.4.3.jar;C:\Users\AnindyarajMahalanabi\.m2\repository\com\googlecode\libphonenumber\libphonenumber\8.0.0\libphonenumber-8.0.0.jar;C:\Users\AnindyarajMahalanabi\.m2\repository\net\sf\jopt-simple\jopt-simple\5.0.3\jopt-simple-5.0.3.jar;C:\Users\AnindyarajMahalanabi\.m2\repository\com\jayway\restassured\rest-assured\2.5.0\rest-assured-2.5.0.jar;C:\Users\AnindyarajMahalanabi\.m2\repository\org\hamcrest\hamcrest-core\1.3\hamcrest-core-1.3.jar;C:\Users\AnindyarajMahalanabi\.m2\repository\org\hamcrest\hamcrest-library\1.3\hamcrest-library-1.3.jar;C:\Users\AnindyarajMahalanabi\.m2\repository\com\jayway\restassured\json-path\2.5.0\json-path-2.5.0.jar;C:\Users\AnindyarajMahalanabi\.m2\repository\com\jayway\restassured\rest-assured-common\2.5.0\rest-assured-common-2.5.0.jar;C:\Users\AnindyarajMahalanabi\.m2\repository\com\jayway\restassured\xml-path\2.5.0\xml-path-2.5.0.jar;C:\Users\AnindyarajMahalanabi\.m2\repository\com\jayway\jsonpath\json-path\2.2.0\json-path-2.2.0.jar;C:\Users\AnindyarajMahalanabi\.m2\repository\net\minidev\json-smart\2.2.1\json-smart-2.2.1.jar;C:\Users\AnindyarajMahalanabi\.m2\repository\net\minidev\accessors-smart\1.1\accessors-smart-1.1.jar;C:\Users\AnindyarajMahalanabi\.m2\repository\org\ow2\asm\asm\5.0.3\asm-5.0.3.jar;C:\Users\AnindyarajMahalanabi\.m2\repository\com\fasterxml\jackson\core\jackson-databind\2.8.4\jackson-databind-2.8.4.jar;C:\Users\AnindyarajMahalanabi\.m2\repository\com\fasterxml\jackson\core\jackson-annotations\2.8.0\jackson-annotations-2.8.0.jar;C:\Users\AnindyarajMahalanabi\.m2\repository\com\fasterxml\jackson\core\jackson-core\2.8.4\jackson-core-2.8.4.jar;C:\Users\AnindyarajMahalanabi\.m2\repository\com\googlecode\json-simple\json-simple\1.1.1\json-simple-1.1.1.jar;C:\Users\AnindyarajMahalanabi\.m2\repository\io\cucumber\datatable\3.4.0\datatable-3.4.0.jar;C:\Users\AnindyarajMahalanabi\.m2\repository\org\apiguardian\apiguardian-api\1.1.0\apiguardian-api-1.1.0.jar;C:\Users\AnindyarajMahalanabi\.m2\repository\org\hamcrest\hamcrest\2.2\hamcrest-2.2.jar;C:\Users\AnindyarajMahalanabi\.m2\repository\org\hamcrest\hamcrest-all\1.3\hamcrest-all-1.3.jar;C:\Users\AnindyarajMahalanabi\.m2\repository\commons-io\commons-io\2.6\commons-io-2.6.jar;C:\Users\AnindyarajMahalanabi\.m2\repository\com\vimalselvam\cucumber-extentsreport\3.1.1\cucumber-extentsreport-3.1.1.jar;C:\Users\AnindyarajMahalanabi\.m2\repository\com\aventstack\extentreports-cucumber4-adapter\1.2.1\extentreports-cucumber4-adapter-1.2.1.jar;C:\Users\AnindyarajMahalanabi\.m2\repository\com\aventstack\extentreports\5.0.1\extentreports-5.0.1.jar;C:\Users\AnindyarajMahalanabi\.m2\repository\io\reactivex\rxjava3\rxjava\3.0.4\rxjava-3.0.4.jar;C:\Users\AnindyarajMahalanabi\.m2\repository\org\reactivestreams\reactive-streams\1.0.3\reactive-streams-1.0.3.jar;C:\Users\AnindyarajMahalanabi\.m2\repository\org\freemarker\freemarker\2.3.30\freemarker-2.3.30.jar;C:\Users\AnindyarajMahalanabi\.m2\repository\com\aventstack\klov-reporter\5.0.1\klov-reporter-5.0.1.jar;C:\Users\AnindyarajMahalanabi\.m2\repository\org\mongodb\bson\3.3.0\bson-3.3.0.jar;C:\Users\AnindyarajMahalanabi\.m2\repository\org\mongodb\mongodb-driver\3.3.0\mongodb-driver-3.3.0.jar;C:\Users\AnindyarajMahalanabi\.m2\repository\org\mongodb\mongodb-driver-core\3.3.0\mongodb-driver-core-3.3.0.jar;C:\Users\AnindyarajMahalanabi\.m2\repository\org\projectlombok\lombok\1.18.22\lombok-1.18.22.jar;"/>
    <property name="java.vm.vendor" value="Microsoft"/>
    <property name="sun.arch.data.model" value="64"/>
    <property name="user.variant" value=""/>
    <property name="java.vendor.url" value="https://www.microsoft.com"/>
    <property name="user.timezone" value="Asia/Calcutta"/>
    <property name="os.name" value="Windows 11"/>
    <property name="java.vm.specification.version" value="17"/>
    <property name="sun.java.launcher" value="SUN_STANDARD"/>
    <property name="user.country" value="IN"/>
    <property name="sun.boot.library.path" value="C:\Program Files\Microsoft\jdk-17.0.7.7-hotspot\bin"/>
    <property name="sun.java.command" value="C:\Users\ANINDY~1\AppData\Local\Temp\surefire17944114596226343222\surefirebooter9141963104270131058.jar C:\Users\AnindyarajMahalanabi\AppData\Local\Temp\surefire17944114596226343222 2024-02-28T16-58-43_033-jvmRun1 surefire1207699732280081907tmp surefire_01591743718887368447tmp"/>
    <property name="jdk.debug" value="release"/>
    <property name="surefire.test.class.path" value="C:\ProgramData\Jenkins\.jenkins\workspace\DemoProject\target\test-classes;C:\ProgramData\Jenkins\.jenkins\workspace\DemoProject\target\classes;C:\Users\AnindyarajMahalanabi\.m2\repository\io\cucumber\cucumber-java\4.1.0\cucumber-java-4.1.0.jar;C:\Users\AnindyarajMahalanabi\.m2\repository\io\cucumber\cucumber-testng\4.1.0\cucumber-testng-4.1.0.jar;C:\Users\AnindyarajMahalanabi\.m2\repository\com\google\code\gson\gson\2.10.1\gson-2.10.1.jar;C:\Users\AnindyarajMahalanabi\.m2\repository\org\slf4j\slf4j-api\2.0.9\slf4j-api-2.0.9.jar;C:\Users\AnindyarajMahalanabi\.m2\repository\io\cucumber\cucumber-junit\4.1.0\cucumber-junit-4.1.0.jar;C:\Users\AnindyarajMahalanabi\.m2\repository\junit\junit\4.12\junit-4.12.jar;C:\Users\AnindyarajMahalanabi\.m2\repository\io\cucumber\cucumber-core\4.1.0\cucumber-core-4.1.0.jar;C:\Users\AnindyarajMahalanabi\.m2\repository\io\cucumber\gherkin\5.1.0\gherkin-5.1.0.jar;C:\Users\AnindyarajMahalanabi\.m2\repository\io\cucumber\tag-expressions\1.1.1\tag-expressions-1.1.1.jar;C:\Users\AnindyarajMahalanabi\.m2\repository\io\cucumber\cucumber-expressions\6.1.1\cucumber-expressions-6.1.1.jar;C:\Users\AnindyarajMahalanabi\.m2\repository\io\cucumber\cucumber-picocontainer\4.1.0\cucumber-picocontainer-4.1.0.jar;C:\Users\AnindyarajMahalanabi\.m2\repository\org\picocontainer\picocontainer\2.15\picocontainer-2.15.jar;C:\Users\AnindyarajMahalanabi\.m2\repository\io\cucumber\cucumber-jvm-deps\1.0.6\cucumber-jvm-deps-1.0.6.jar;C:\Users\AnindyarajMahalanabi\.m2\repository\io\cucumber\cucumber-html\0.2.7\cucumber-html-0.2.7.jar;C:\Users\AnindyarajMahalanabi\.m2\repository\org\postgresql\postgresql\42.2.16\postgresql-42.2.16.jar;C:\Users\AnindyarajMahalanabi\.m2\repository\org\checkerframework\checker-qual\3.5.0\checker-qual-3.5.0.jar;C:\Users\AnindyarajMahalanabi\.m2\repository\log4j\log4j\1.2.17\log4j-1.2.17.jar;C:\Users\AnindyarajMahalanabi\.m2\repository\org\seleniumhq\selenium\selenium-java\3.141.59\selenium-java-3.141.59.jar;C:\Users\AnindyarajMahalanabi\.m2\repository\org\seleniumhq\selenium\selenium-api\3.141.59\selenium-api-3.141.59.jar;C:\Users\AnindyarajMahalanabi\.m2\repository\org\seleniumhq\selenium\selenium-chrome-driver\3.141.59\selenium-chrome-driver-3.141.59.jar;C:\Users\AnindyarajMahalanabi\.m2\repository\org\seleniumhq\selenium\selenium-edge-driver\3.141.59\selenium-edge-driver-3.141.59.jar;C:\Users\AnindyarajMahalanabi\.m2\repository\org\seleniumhq\selenium\selenium-firefox-driver\3.141.59\selenium-firefox-driver-3.141.59.jar;C:\Users\AnindyarajMahalanabi\.m2\repository\org\seleniumhq\selenium\selenium-ie-driver\3.141.59\selenium-ie-driver-3.141.59.jar;C:\Users\AnindyarajMahalanabi\.m2\repository\org\seleniumhq\selenium\selenium-opera-driver\3.141.59\selenium-opera-driver-3.141.59.jar;C:\Users\AnindyarajMahalanabi\.m2\repository\org\seleniumhq\selenium\selenium-remote-driver\3.141.59\selenium-remote-driver-3.141.59.jar;C:\Users\AnindyarajMahalanabi\.m2\repository\org\seleniumhq\selenium\selenium-safari-driver\3.141.59\selenium-safari-driver-3.141.59.jar;C:\Users\AnindyarajMahalanabi\.m2\repository\org\seleniumhq\selenium\selenium-support\3.141.59\selenium-support-3.141.59.jar;C:\Users\AnindyarajMahalanabi\.m2\repository\net\bytebuddy\byte-buddy\1.8.15\byte-buddy-1.8.15.jar;C:\Users\AnindyarajMahalanabi\.m2\repository\org\apache\commons\commons-exec\1.3\commons-exec-1.3.jar;C:\Users\AnindyarajMahalanabi\.m2\repository\com\google\guava\guava\25.0-jre\guava-25.0-jre.jar;C:\Users\AnindyarajMahalanabi\.m2\repository\com\google\code\findbugs\jsr305\1.3.9\jsr305-1.3.9.jar;C:\Users\AnindyarajMahalanabi\.m2\repository\org\checkerframework\checker-compat-qual\2.0.0\checker-compat-qual-2.0.0.jar;C:\Users\AnindyarajMahalanabi\.m2\repository\com\google\errorprone\error_prone_annotations\2.1.3\error_prone_annotations-2.1.3.jar;C:\Users\AnindyarajMahalanabi\.m2\repository\com\google\j2objc\j2objc-annotations\1.1\j2objc-annotations-1.1.jar;C:\Users\AnindyarajMahalanabi\.m2\repository\org\codehaus\mojo\animal-sniffer-annotations\1.14\animal-sniffer-annotations-1.14.jar;C:\Users\AnindyarajMahalanabi\.m2\repository\com\squareup\okhttp3\okhttp\3.11.0\okhttp-3.11.0.jar;C:\Users\AnindyarajMahalanabi\.m2\repository\com\squareup\okio\okio\1.14.0\okio-1.14.0.jar;C:\Users\AnindyarajMahalanabi\.m2\repository\org\seleniumhq\selenium\selenium-htmlunit-driver\2.52.0\selenium-htmlunit-driver-2.52.0.jar;C:\Users\AnindyarajMahalanabi\.m2\repository\net\sourceforge\htmlunit\htmlunit\2.18\htmlunit-2.18.jar;C:\Users\AnindyarajMahalanabi\.m2\repository\xalan\xalan\2.7.2\xalan-2.7.2.jar;C:\Users\AnindyarajMahalanabi\.m2\repository\xalan\serializer\2.7.2\serializer-2.7.2.jar;C:\Users\AnindyarajMahalanabi\.m2\repository\net\sourceforge\htmlunit\htmlunit-core-js\2.17\htmlunit-core-js-2.17.jar;C:\Users\AnindyarajMahalanabi\.m2\repository\xerces\xercesImpl\2.11.0\xercesImpl-2.11.0.jar;C:\Users\AnindyarajMahalanabi\.m2\repository\xml-apis\xml-apis\1.4.01\xml-apis-1.4.01.jar;C:\Users\AnindyarajMahalanabi\.m2\repository\net\sourceforge\nekohtml\nekohtml\1.9.22\nekohtml-1.9.22.jar;C:\Users\AnindyarajMahalanabi\.m2\repository\net\sourceforge\cssparser\cssparser\0.9.16\cssparser-0.9.16.jar;C:\Users\AnindyarajMahalanabi\.m2\repository\org\w3c\css\sac\1.3\sac-1.3.jar;C:\Users\AnindyarajMahalanabi\.m2\repository\commons-logging\commons-logging\1.2\commons-logging-1.2.jar;C:\Users\AnindyarajMahalanabi\.m2\repository\org\eclipse\jetty\websocket\websocket-client\9.2.12.v20150709\websocket-client-9.2.12.v20150709.jar;C:\Users\AnindyarajMahalanabi\.m2\repository\org\eclipse\jetty\jetty-util\9.2.12.v20150709\jetty-util-9.2.12.v20150709.jar;C:\Users\AnindyarajMahalanabi\.m2\repository\org\eclipse\jetty\jetty-io\9.2.12.v20150709\jetty-io-9.2.12.v20150709.jar;C:\Users\AnindyarajMahalanabi\.m2\repository\org\eclipse\jetty\websocket\websocket-common\9.2.12.v20150709\websocket-common-9.2.12.v20150709.jar;C:\Users\AnindyarajMahalanabi\.m2\repository\org\eclipse\jetty\websocket\websocket-api\9.2.12.v20150709\websocket-api-9.2.12.v20150709.jar;C:\Users\AnindyarajMahalanabi\.m2\repository\commons-collections\commons-collections\3.2.2\commons-collections-3.2.2.jar;C:\Users\AnindyarajMahalanabi\.m2\repository\org\apache\httpcomponents\httpclient\4.5.1\httpclient-4.5.1.jar;C:\Users\AnindyarajMahalanabi\.m2\repository\org\apache\httpcomponents\httpcore\4.4.3\httpcore-4.4.3.jar;C:\Users\AnindyarajMahalanabi\.m2\repository\org\testng\testng\6.9.10\testng-6.9.10.jar;C:\Users\AnindyarajMahalanabi\.m2\repository\com\beust\jcommander\1.48\jcommander-1.48.jar;C:\Users\AnindyarajMahalanabi\.m2\repository\org\beanshell\bsh\2.0b4\bsh-2.0b4.jar;C:\Users\AnindyarajMahalanabi\.m2\repository\net\masterthought\cucumber-reporting\4.1.0\cucumber-reporting-4.1.0.jar;C:\Users\AnindyarajMahalanabi\.m2\repository\org\apache\velocity\velocity\1.7\velocity-1.7.jar;C:\Users\AnindyarajMahalanabi\.m2\repository\commons-lang\commons-lang\2.4\commons-lang-2.4.jar;C:\Users\AnindyarajMahalanabi\.m2\repository\velocity-tools\velocity-tools\1.4\velocity-tools-1.4.jar;C:\Users\AnindyarajMahalanabi\.m2\repository\joda-time\joda-time\2.10\joda-time-2.10.jar;C:\Users\AnindyarajMahalanabi\.m2\repository\org\apache\commons\commons-lang3\3.7\commons-lang3-3.7.jar;C:\Users\AnindyarajMahalanabi\.m2\repository\net\lingala\zip4j\zip4j\1.3.2\zip4j-1.3.2.jar;C:\Users\AnindyarajMahalanabi\.m2\repository\org\codehaus\plexus\plexus-utils\3.1.0\plexus-utils-3.1.0.jar;C:\Users\AnindyarajMahalanabi\.m2\repository\org\jsoup\jsoup\1.11.3\jsoup-1.11.3.jar;C:\Users\AnindyarajMahalanabi\.m2\repository\com\googlecode\owasp-java-html-sanitizer\owasp-java-html-sanitizer\20180219.1\owasp-java-html-sanitizer-20180219.1.jar;C:\Users\AnindyarajMahalanabi\.m2\repository\commons-configuration\commons-configuration\1.10\commons-configuration-1.10.jar;C:\Users\AnindyarajMahalanabi\.m2\repository\org\apache\poi\poi\4.1.1\poi-4.1.1.jar;C:\Users\AnindyarajMahalanabi\.m2\repository\commons-codec\commons-codec\1.13\commons-codec-1.13.jar;C:\Users\AnindyarajMahalanabi\.m2\repository\org\apache\commons\commons-collections4\4.4\commons-collections4-4.4.jar;C:\Users\AnindyarajMahalanabi\.m2\repository\org\apache\commons\commons-math3\3.6.1\commons-math3-3.6.1.jar;C:\Users\AnindyarajMahalanabi\.m2\repository\javax\mail\javax.mail-api\1.5.5\javax.mail-api-1.5.5.jar;C:\Users\AnindyarajMahalanabi\.m2\repository\com\sun\mail\smtp\1.6.0\smtp-1.6.0.jar;C:\Users\AnindyarajMahalanabi\.m2\repository\com\sun\mail\javax.mail\1.6.0\javax.mail-1.6.0.jar;C:\Users\AnindyarajMahalanabi\.m2\repository\javax\activation\activation\1.1\activation-1.1.jar;C:\Users\AnindyarajMahalanabi\.m2\repository\org\apache\poi\poi-ooxml\4.1.1\poi-ooxml-4.1.1.jar;C:\Users\AnindyarajMahalanabi\.m2\repository\org\apache\poi\poi-ooxml-schemas\4.1.1\poi-ooxml-schemas-4.1.1.jar;C:\Users\AnindyarajMahalanabi\.m2\repository\org\apache\xmlbeans\xmlbeans\3.1.0\xmlbeans-3.1.0.jar;C:\Users\AnindyarajMahalanabi\.m2\repository\org\apache\commons\commons-compress\1.19\commons-compress-1.19.jar;C:\Users\AnindyarajMahalanabi\.m2\repository\com\github\virtuald\curvesapi\1.06\curvesapi-1.06.jar;C:\Users\AnindyarajMahalanabi\.m2\repository\io\rest-assured\rest-assured\4.3.1\rest-assured-4.3.1.jar;C:\Users\AnindyarajMahalanabi\.m2\repository\org\codehaus\groovy\groovy\3.0.3\groovy-3.0.3.jar;C:\Users\AnindyarajMahalanabi\.m2\repository\org\codehaus\groovy\groovy-xml\3.0.3\groovy-xml-3.0.3.jar;C:\Users\AnindyarajMahalanabi\.m2\repository\org\apache\httpcomponents\httpmime\4.5.3\httpmime-4.5.3.jar;C:\Users\AnindyarajMahalanabi\.m2\repository\org\ccil\cowan\tagsoup\tagsoup\1.2.1\tagsoup-1.2.1.jar;C:\Users\AnindyarajMahalanabi\.m2\repository\io\rest-assured\json-path\4.3.1\json-path-4.3.1.jar;C:\Users\AnindyarajMahalanabi\.m2\repository\org\codehaus\groovy\groovy-json\3.0.3\groovy-json-3.0.3.jar;C:\Users\AnindyarajMahalanabi\.m2\repository\io\rest-assured\rest-assured-common\4.3.1\rest-assured-common-4.3.1.jar;C:\Users\AnindyarajMahalanabi\.m2\repository\io\rest-assured\xml-path\4.3.1\xml-path-4.3.1.jar;C:\Users\AnindyarajMahalanabi\.m2\repository\jakarta\xml\bind\jakarta.xml.bind-api\2.3.3\jakarta.xml.bind-api-2.3.3.jar;C:\Users\AnindyarajMahalanabi\.m2\repository\jakarta\activation\jakarta.activation-api\1.2.2\jakarta.activation-api-1.2.2.jar;C:\Users\AnindyarajMahalanabi\.m2\repository\com\sun\xml\bind\jaxb-impl\2.3.3\jaxb-impl-2.3.3.jar;C:\Users\AnindyarajMahalanabi\.m2\repository\io\rest-assured\json-schema-validator\4.3.1\json-schema-validator-4.3.1.jar;C:\Users\AnindyarajMahalanabi\.m2\repository\com\github\java-json-tools\json-schema-validator\2.2.10\json-schema-validator-2.2.10.jar;C:\Users\AnindyarajMahalanabi\.m2\repository\com\github\java-json-tools\json-schema-core\1.2.10\json-schema-core-1.2.10.jar;C:\Users\AnindyarajMahalanabi\.m2\repository\com\github\java-json-tools\jackson-coreutils\1.9\jackson-coreutils-1.9.jar;C:\Users\AnindyarajMahalanabi\.m2\repository\com\github\fge\msg-simple\1.1\msg-simple-1.1.jar;C:\Users\AnindyarajMahalanabi\.m2\repository\com\github\fge\btf\1.2\btf-1.2.jar;C:\Users\AnindyarajMahalanabi\.m2\repository\com\github\fge\uri-template\0.9\uri-template-0.9.jar;C:\Users\AnindyarajMahalanabi\.m2\repository\org\mozilla\rhino\1.7.7.1\rhino-1.7.7.1.jar;C:\Users\AnindyarajMahalanabi\.m2\repository\javax\mail\mailapi\1.4.3\mailapi-1.4.3.jar;C:\Users\AnindyarajMahalanabi\.m2\repository\com\googlecode\libphonenumber\libphonenumber\8.0.0\libphonenumber-8.0.0.jar;C:\Users\AnindyarajMahalanabi\.m2\repository\net\sf\jopt-simple\jopt-simple\5.0.3\jopt-simple-5.0.3.jar;C:\Users\AnindyarajMahalanabi\.m2\repository\com\jayway\restassured\rest-assured\2.5.0\rest-assured-2.5.0.jar;C:\Users\AnindyarajMahalanabi\.m2\repository\org\hamcrest\hamcrest-core\1.3\hamcrest-core-1.3.jar;C:\Users\AnindyarajMahalanabi\.m2\repository\org\hamcrest\hamcrest-library\1.3\hamcrest-library-1.3.jar;C:\Users\AnindyarajMahalanabi\.m2\repository\com\jayway\restassured\json-path\2.5.0\json-path-2.5.0.jar;C:\Users\AnindyarajMahalanabi\.m2\repository\com\jayway\restassured\rest-assured-common\2.5.0\rest-assured-common-2.5.0.jar;C:\Users\AnindyarajMahalanabi\.m2\repository\com\jayway\restassured\xml-path\2.5.0\xml-path-2.5.0.jar;C:\Users\AnindyarajMahalanabi\.m2\repository\com\jayway\jsonpath\json-path\2.2.0\json-path-2.2.0.jar;C:\Users\AnindyarajMahalanabi\.m2\repository\net\minidev\json-smart\2.2.1\json-smart-2.2.1.jar;C:\Users\AnindyarajMahalanabi\.m2\repository\net\minidev\accessors-smart\1.1\accessors-smart-1.1.jar;C:\Users\AnindyarajMahalanabi\.m2\repository\org\ow2\asm\asm\5.0.3\asm-5.0.3.jar;C:\Users\AnindyarajMahalanabi\.m2\repository\com\fasterxml\jackson\core\jackson-databind\2.8.4\jackson-databind-2.8.4.jar;C:\Users\AnindyarajMahalanabi\.m2\repository\com\fasterxml\jackson\core\jackson-annotations\2.8.0\jackson-annotations-2.8.0.jar;C:\Users\AnindyarajMahalanabi\.m2\repository\com\fasterxml\jackson\core\jackson-core\2.8.4\jackson-core-2.8.4.jar;C:\Users\AnindyarajMahalanabi\.m2\repository\com\googlecode\json-simple\json-simple\1.1.1\json-simple-1.1.1.jar;C:\Users\AnindyarajMahalanabi\.m2\repository\io\cucumber\datatable\3.4.0\datatable-3.4.0.jar;C:\Users\AnindyarajMahalanabi\.m2\repository\org\apiguardian\apiguardian-api\1.1.0\apiguardian-api-1.1.0.jar;C:\Users\AnindyarajMahalanabi\.m2\repository\org\hamcrest\hamcrest\2.2\hamcrest-2.2.jar;C:\Users\AnindyarajMahalanabi\.m2\repository\org\hamcrest\hamcrest-all\1.3\hamcrest-all-1.3.jar;C:\Users\AnindyarajMahalanabi\.m2\repository\commons-io\commons-io\2.6\commons-io-2.6.jar;C:\Users\AnindyarajMahalanabi\.m2\repository\com\vimalselvam\cucumber-extentsreport\3.1.1\cucumber-extentsreport-3.1.1.jar;C:\Users\AnindyarajMahalanabi\.m2\repository\com\aventstack\extentreports-cucumber4-adapter\1.2.1\extentreports-cucumber4-adapter-1.2.1.jar;C:\Users\AnindyarajMahalanabi\.m2\repository\com\aventstack\extentreports\5.0.1\extentreports-5.0.1.jar;C:\Users\AnindyarajMahalanabi\.m2\repository\io\reactivex\rxjava3\rxjava\3.0.4\rxjava-3.0.4.jar;C:\Users\AnindyarajMahalanabi\.m2\repository\org\reactivestreams\reactive-streams\1.0.3\reactive-streams-1.0.3.jar;C:\Users\AnindyarajMahalanabi\.m2\repository\org\freemarker\freemarker\2.3.30\freemarker-2.3.30.jar;C:\Users\AnindyarajMahalanabi\.m2\repository\com\aventstack\klov-reporter\5.0.1\klov-reporter-5.0.1.jar;C:\Users\AnindyarajMahalanabi\.m2\repository\org\mongodb\bson\3.3.0\bson-3.3.0.jar;C:\Users\AnindyarajMahalanabi\.m2\repository\org\mongodb\mongodb-driver\3.3.0\mongodb-driver-3.3.0.jar;C:\Users\AnindyarajMahalanabi\.m2\repository\org\mongodb\mongodb-driver-core\3.3.0\mongodb-driver-core-3.3.0.jar;C:\Users\AnindyarajMahalanabi\.m2\repository\org\projectlombok\lombok\1.18.22\lombok-1.18.22.jar;"/>
    <property name="sun.cpu.endian" value="little"/>
    <property name="user.home" value="C:\Users\AnindyarajMahalanabi"/>
    <property name="user.language" value="en"/>
    <property name="java.specification.vendor" value="Oracle Corporation"/>
    <property name="java.version.date" value="2023-04-18"/>
    <property name="java.home" value="C:\Program Files\Microsoft\jdk-17.0.7.7-hotspot"/>
    <property name="file.separator" value="\"/>
    <property name="basedir" value="C:\ProgramData\Jenkins\.jenkins\workspace\DemoProject"/>
    <property name="java.vm.compressedOopsMode" value="Zero based"/>
    <property name="line.separator" value="&#10;"/>
    <property name="java.vm.specification.vendor" value="Oracle Corporation"/>
    <property name="java.specification.name" value="Java Platform API Specification"/>
    <property name="surefire.real.class.path" value="C:\Users\ANINDY~1\AppData\Local\Temp\surefire17944114596226343222\surefirebooter9141963104270131058.jar"/>
    <property name="user.script" value=""/>
    <property name="sun.management.compiler" value="HotSpot 64-Bit Tiered Compilers"/>
    <property name="java.runtime.version" value="17.0.7+7-LTS"/>
    <property name="user.name" value="anindyaraj.mahalanab"/>
    <property name="path.separator" value=";"/>
    <property name="os.version" value="10.0"/>
    <property name="java.runtime.name" value="OpenJDK Runtime Environment"/>
    <property name="file.encoding" value="Cp1252"/>
    <property name="java.vm.name" value="OpenJDK 64-Bit Server VM"/>
    <property name="java.vendor.version" value="Microsoft-7626293"/>
    <property name="localRepository" value="C:\Users\AnindyarajMahalanabi\.m2\repository"/>
    <property name="cucumber.options" value="--tags @testnonpega1"/>
    <property name="java.vendor.url.bug" value="https://github.com/microsoft/openjdk/issues"/>
    <property name="java.io.tmpdir" value="C:\Users\ANINDY~1\AppData\Local\Temp\"/>
    <property name="java.version" value="17.0.7"/>
    <property name="user.dir" value="C:\ProgramData\Jenkins\.jenkins\workspace\DemoProject"/>
    <property name="os.arch" value="amd64"/>
    <property name="java.vm.specification.name" value="Java Virtual Machine Specification"/>
    <property name="sun.os.patch.level" value=""/>
    <property name="native.encoding" value="Cp1252"/>
    <property name="java.library.path" value="C:\Program Files\Microsoft\jdk-17.0.7.7-hotspot\bin;C:\Windows\Sun\Java\bin;C:\Windows\system32;C:\Windows;C:\apache_maven\apache-maven-3.9.3/bin;C:\Program Files\Microsoft\jdk-17.0.7.7-hotspot/bin;C:\Program Files\Microsoft\jdk-17.0.7.7-hotspot/bin;C:\Program Files\Microsoft\jdk-17.0.7.7-hotspot\bin;C:\Windows\system32;C:\Windows;C:\Windows\System32\Wbem;C:\Windows\System32\WindowsPowerShell\v1.0\;C:\Windows\System32\OpenSSH\;C:\apache_maven\apache-maven-3.9.3\bin;C:\Users\AnindyarajMahalanabi\AppData\Local\Programs\Python\Launcher\;C:\Users\AnindyarajMahalanabi\AppData\Local\Microsoft\WindowsApps;C:\Users\AnindyarajMahalanabi\AppData\Local\Programs\Git\cmd;."/>
    <property name="java.vm.info" value="mixed mode, sharing"/>
    <property name="java.vendor" value="Microsoft"/>
    <property name="java.vm.version" value="17.0.7+7-LTS"/>
    <property name="sun.io.unicode.encoding" value="UnicodeLittle"/>
    <property name="java.class.version" value="61.0"/>
  </properties>
  <testcase name="runScenario" classname="com.ABS.ataf.common.runner.LoginRunner" time="60.863"/>
</testsuite>