<?xml version="1.0" encoding="UTF-8"?>
<!-- Generated by org.testng.reporters.JUnitReportReporter -->
<testsuite hostname="IN3AREW0G031B30" failures="0" tests="2" name="com.ABS.ataf.utility.TestHelp" time="0.007" errors="0" timestamp="23 Jan 2024 11:31:32 GMT">
  <testcase classname="com.ABS.ataf.utility.TestHelp" name="test2" time="0.001"/>
  <testcase classname="com.ABS.ataf.utility.TestHelp" name="test1" time="0.006"/>
</testsuite> <!-- com.ABS.ataf.utility.TestHelp -->
