<?xml version="1.0" encoding="UTF-8"?>
<!-- Generated by org.testng.reporters.JUnitReportReporter -->
<testsuite hostname="IN3AREW0G031B30" failures="0" tests="1" name="com.areteans.ataf.runner.LoginRunner" time="31.003" errors="0" timestamp="20 Jul 2023 11:38:51 GMT">
  <testcase classname="com.areteans.ataf.runner.LoginRunner" name="runScenario" time="31.003"/>
</testsuite> <!-- com.areteans.ataf.runner.LoginRunner -->
