<?xml version="1.0" encoding="UTF-8"?>
<!-- Generated by org.testng.reporters.JUnitReportReporter -->
<testsuite hostname="IN3AREW0G031B30" failures="0" tests="1" name="com.EE.ataf.CAS.runner.LoginRunner" time="28.161" errors="0" timestamp="2 Jan 2024 12:09:24 GMT">
  <testcase classname="com.EE.ataf.CAS.runner.LoginRunner" name="runScenario" time="28.161"/>
</testsuite> <!-- com.EE.ataf.CAS.runner.LoginRunner -->
