<?xml version="1.0" encoding="UTF-8"?>
<!-- Generated by org.testng.reporters.JUnitReportReporter -->
<testsuite hostname="IN3AREW0G031B30" failures="0" tests="1" name="com.ASB.ataf.common.runner.LoginRunner" time="69.439" errors="0" timestamp="3 Jan 2024 10:31:35 GMT">
  <testcase classname="com.ASB.ataf.common.runner.LoginRunner" name="runScenario" time="69.439"/>
</testsuite> <!-- com.ASB.ataf.common.runner.LoginRunner -->
