<?xml version="1.0" encoding="UTF-8"?>
<!-- Generated by org.testng.reporters.JUnitReportReporter -->
<testsuite hostname="IN3AREW0G031B30" failures="0" tests="1" name="com.EE.ataf.CAS.runner.LogoutRunner" time="39.233" errors="0" timestamp="21 Jul 2023 06:01:35 GMT">
  <testcase classname="com.EE.ataf.CAS.runner.LogoutRunner" name="runScenario" time="39.233"/>
</testsuite> <!-- com.EE.ataf.CAS.runner.LogoutRunner -->
