<?xml version="1.0" encoding="UTF-8"?>
<!-- Generated by org.testng.reporters.JUnitReportReporter -->
<testsuite hostname="IN3AREW0G031B30" failures="0" tests="1" name="com.ASB.ataf.CAS.runner.LoginRunner" time="29.367" errors="0" timestamp="2 Jan 2024 12:52:02 GMT">
  <testcase classname="com.ASB.ataf.CAS.runner.LoginRunner" name="runScenario" time="29.367"/>
</testsuite> <!-- com.ASB.ataf.CAS.runner.LoginRunner -->
