<?xml version="1.0" encoding="UTF-8"?>
<!-- Generated by org.testng.reporters.JUnitReportReporter -->
<testsuite hostname="IN3AREW0G031B30" failures="0" tests="1" name="com.ABS.ataf.common.runner.LoginRunner" time="25.146" errors="0" timestamp="23 Jan 2024 11:11:19 GMT">
  <testcase classname="com.ABS.ataf.common.runner.LoginRunner" name="runScenario" time="25.146"/>
</testsuite> <!-- com.ABS.ataf.common.runner.LoginRunner -->
