<?xml version="1.0" encoding="UTF-8"?>
<!-- Generated by org.testng.reporters.JUnitReportReporter -->
<testsuite hostname="IN3AREW0G031B30" failures="0" tests="1" name="com.ABS.ataf.common.runner.LoginRunner" time="66.701" errors="0" timestamp="22 Feb 2024 12:45:55 GMT">
  <testcase classname="com.ABS.ataf.common.runner.LoginRunner" name="runScenario" time="66.701"/>
</testsuite> <!-- com.ABS.ataf.common.runner.LoginRunner -->
